<?xml version="1.0" encoding="UTF-8"?>
<testsuite name="gr.ntua.ece.softeng18b.RestAPISpecification" tests="2" skipped="0" failures="0" errors="0" timestamp="2019-02-26T22:56:29" hostname="DESKTOP-3A5GUF9" time="1.501">
  <properties/>
  <testcase name="User logins" classname="gr.ntua.ece.softeng18b.RestAPISpecification" time="1.268"/>
  <testcase name="User adds product" classname="gr.ntua.ece.softeng18b.RestAPISpecification" time="0.233"/>
  <system-out><![CDATA[]]></system-out>
  <system-err><![CDATA[]]></system-err>
</testsuite>
